1507868840563	geckodriver	INFO	geckodriver 0.19.0
1507868840573	geckodriver	INFO	Listening on 127.0.0.1:55898
1507869594227	geckodriver	INFO	geckodriver 0.19.0
1507869594241	geckodriver	INFO	Listening on 127.0.0.1:56574
1507869595888	mozrunner::runner	INFO	Running command: "/usr/bin/firefox" "-marionette" "-profile" "/tmp/rust_mozprofile.FDQEKPxTOr3z"
1507869596646	addons.xpi	WARN	Error parsing extensions state: [Exception... "Component returned failure code: 0x80520012 (NS_ERROR_FILE_NOT_FOUND) [amIAddonManagerStartup.readStartupData]"  nsresult: "0x80520012 (NS_ERROR_FILE_NOT_FOUND)"  location: "JS frame :: resource://gre/modules/addons/XPIProvider.jsm :: loadExtensionState :: line 1554"  data: no] Stack trace: loadExtensionState()@resource://gre/modules/addons/XPIProvider.jsm:1554 < getInstallState()@resource://gre/modules/addons/XPIProvider.jsm:1589 < checkForChanges()@resource://gre/modules/addons/XPIProvider.jsm:3109 < startup()@resource://gre/modules/addons/XPIProvider.jsm:2188 < callProvider()@resource://gre/modules/AddonManager.jsm:269 < _startProvider()@resource://gre/modules/AddonManager.jsm:739 < startup()@resource://gre/modules/AddonManager.jsm:906 < startup()@resource://gre/modules/AddonManager.jsm:3090 < observe()@jar:file:///opt/firefox/omni.ja!/components/addonManager.js:65
1507869597787	Marionette	INFO	Enabled via --marionette
1507869601869	Marionette	INFO	Listening on port 32872
1507869602030	Marionette	WARN	TLS certificate errors will be ignored for this session
1507869602218	Marionette	DEBUG	Register listener.js for window 2147483649
1507869602352	Marionette	DEBUG	Received DOM event "beforeunload" for "about:blank"
1507869602446	Marionette	DEBUG	Received DOM event "pagehide" for "about:blank"
1507869602448	Marionette	DEBUG	Received DOM event "unload" for "about:blank"
1507869602469	Marionette	DEBUG	Received DOM event "DOMContentLoaded" for "http://localhost:8000/"
1507869602517	Marionette	DEBUG	Received DOM event "pageshow" for "http://localhost:8000/"
1507869602907	Marionette	INFO	New connections will no longer be accepted
1507869810463	geckodriver	INFO	geckodriver 0.19.0
1507869810473	geckodriver	INFO	Listening on 127.0.0.1:57801
1507869811980	mozrunner::runner	INFO	Running command: "/usr/bin/firefox" "-marionette" "-profile" "/tmp/rust_mozprofile.hU7Jln4WOWYY"
1507869812597	addons.xpi	WARN	Error parsing extensions state: [Exception... "Component returned failure code: 0x80520012 (NS_ERROR_FILE_NOT_FOUND) [amIAddonManagerStartup.readStartupData]"  nsresult: "0x80520012 (NS_ERROR_FILE_NOT_FOUND)"  location: "JS frame :: resource://gre/modules/addons/XPIProvider.jsm :: loadExtensionState :: line 1554"  data: no] Stack trace: loadExtensionState()@resource://gre/modules/addons/XPIProvider.jsm:1554 < getInstallState()@resource://gre/modules/addons/XPIProvider.jsm:1589 < checkForChanges()@resource://gre/modules/addons/XPIProvider.jsm:3109 < startup()@resource://gre/modules/addons/XPIProvider.jsm:2188 < callProvider()@resource://gre/modules/AddonManager.jsm:269 < _startProvider()@resource://gre/modules/AddonManager.jsm:739 < startup()@resource://gre/modules/AddonManager.jsm:906 < startup()@resource://gre/modules/AddonManager.jsm:3090 < observe()@jar:file:///opt/firefox/omni.ja!/components/addonManager.js:65
1507869813505	Marionette	INFO	Enabled via --marionette
1507869817071	Marionette	INFO	Listening on port 37437
1507869817138	Marionette	WARN	TLS certificate errors will be ignored for this session
1507869817279	Marionette	DEBUG	Register listener.js for window 2147483649
1507869817426	Marionette	DEBUG	Received DOM event "beforeunload" for "about:blank"
1507869817475	Marionette	DEBUG	Received DOM event "pagehide" for "about:blank"
1507869817475	Marionette	DEBUG	Received DOM event "unload" for "about:blank"
1507869817507	Marionette	DEBUG	Received DOM event "DOMContentLoaded" for "http://localhost:8000/"
1507869817515	Marionette	DEBUG	Received DOM event "pageshow" for "http://localhost:8000/"
1507869818130	Marionette	INFO	New connections will no longer be accepted
[Child 14270] WARNING: pipe error (15): Connection reset by peer: file /home/worker/workspace/build/src/ipc/chromium/src/chrome/common/ipc_channel_posix.cc, line 353
[GFX1-]: Receive IPC close with reason=AbnormalShutdown
[Child 14270] WARNING: pipe error (3): Connection reset by peer: file /home/worker/workspace/build/src/ipc/chromium/src/chrome/common/ipc_channel_posix.cc, line 353
1507869969408	geckodriver	INFO	geckodriver 0.19.0
1507869969418	geckodriver	INFO	Listening on 127.0.0.1:50875
1507869970931	mozrunner::runner	INFO	Running command: "/usr/bin/firefox" "-marionette" "-profile" "/tmp/rust_mozprofile.sYeDc5QQJOTh"
1507869971512	addons.xpi	WARN	Error parsing extensions state: [Exception... "Component returned failure code: 0x80520012 (NS_ERROR_FILE_NOT_FOUND) [amIAddonManagerStartup.readStartupData]"  nsresult: "0x80520012 (NS_ERROR_FILE_NOT_FOUND)"  location: "JS frame :: resource://gre/modules/addons/XPIProvider.jsm :: loadExtensionState :: line 1554"  data: no] Stack trace: loadExtensionState()@resource://gre/modules/addons/XPIProvider.jsm:1554 < getInstallState()@resource://gre/modules/addons/XPIProvider.jsm:1589 < checkForChanges()@resource://gre/modules/addons/XPIProvider.jsm:3109 < startup()@resource://gre/modules/addons/XPIProvider.jsm:2188 < callProvider()@resource://gre/modules/AddonManager.jsm:269 < _startProvider()@resource://gre/modules/AddonManager.jsm:739 < startup()@resource://gre/modules/AddonManager.jsm:906 < startup()@resource://gre/modules/AddonManager.jsm:3090 < observe()@jar:file:///opt/firefox/omni.ja!/components/addonManager.js:65
1507869972371	Marionette	INFO	Enabled via --marionette
1507869975674	Marionette	INFO	Listening on port 34249
1507869975796	Marionette	WARN	TLS certificate errors will be ignored for this session
1507869975899	Marionette	DEBUG	Register listener.js for window 2147483649
1507869976059	Marionette	DEBUG	Received DOM event "beforeunload" for "about:blank"
1507869976119	Marionette	DEBUG	Received DOM event "pagehide" for "about:blank"
1507869976120	Marionette	DEBUG	Received DOM event "unload" for "about:blank"
1507869976139	Marionette	DEBUG	Received DOM event "DOMContentLoaded" for "http://localhost:8000/"
1507869976196	Marionette	DEBUG	Received DOM event "pageshow" for "http://localhost:8000/"
1507869978048	Marionette	INFO	New connections will no longer be accepted
[Child 14850] WARNING: pipe error (15): Connection reset by peer: file /home/worker/workspace/build/src/ipc/chromium/src/chrome/common/ipc_channel_posix.cc, line 353
[GFX1-]: Receive IPC close with reason=AbnormalShutdown
[Child 14850] WARNING: pipe error (3): Connection reset by peer: file /home/worker/workspace/build/src/ipc/chromium/src/chrome/common/ipc_channel_posix.cc, line 353
1507871383274	geckodriver	INFO	geckodriver 0.19.0
1507871383287	geckodriver	INFO	Listening on 127.0.0.1:35820
1507871384807	mozrunner::runner	INFO	Running command: "/usr/bin/firefox" "-marionette" "-profile" "/tmp/rust_mozprofile.frYEdnKsRJnW"
1507871385700	addons.xpi	WARN	Error parsing extensions state: [Exception... "Component returned failure code: 0x80520012 (NS_ERROR_FILE_NOT_FOUND) [amIAddonManagerStartup.readStartupData]"  nsresult: "0x80520012 (NS_ERROR_FILE_NOT_FOUND)"  location: "JS frame :: resource://gre/modules/addons/XPIProvider.jsm :: loadExtensionState :: line 1554"  data: no] Stack trace: loadExtensionState()@resource://gre/modules/addons/XPIProvider.jsm:1554 < getInstallState()@resource://gre/modules/addons/XPIProvider.jsm:1589 < checkForChanges()@resource://gre/modules/addons/XPIProvider.jsm:3109 < startup()@resource://gre/modules/addons/XPIProvider.jsm:2188 < callProvider()@resource://gre/modules/AddonManager.jsm:269 < _startProvider()@resource://gre/modules/AddonManager.jsm:739 < startup()@resource://gre/modules/AddonManager.jsm:906 < startup()@resource://gre/modules/AddonManager.jsm:3090 < observe()@jar:file:///opt/firefox/omni.ja!/components/addonManager.js:65
1507871386744	Marionette	INFO	Enabled via --marionette
1507871390658	Marionette	INFO	Listening on port 32794
1507871390776	Marionette	WARN	TLS certificate errors will be ignored for this session
1507871390892	Marionette	DEBUG	Register listener.js for window 2147483649
1507871390968	Marionette	DEBUG	Received DOM event "beforeunload" for "about:blank"
1507871391025	Marionette	DEBUG	Received DOM event "pagehide" for "about:blank"
1507871391031	Marionette	DEBUG	Received DOM event "unload" for "about:blank"
1507871391047	Marionette	DEBUG	Received DOM event "DOMContentLoaded" for "http://localhost:8000/"
1507871391083	Marionette	DEBUG	Received DOM event "pageshow" for "http://localhost:8000/"
1507871393061	Marionette	INFO	New connections will no longer be accepted
[Child 18742] WARNING: pipe error (16): Connection reset by peer: file /home/worker/workspace/build/src/ipc/chromium/src/chrome/common/ipc_channel_posix.cc, line 353
[GFX1-]: Receive IPC close with reason=AbnormalShutdown
[Child 18742] WARNING: pipe error (3): Connection reset by peer: file /home/worker/workspace/build/src/ipc/chromium/src/chrome/common/ipc_channel_posix.cc, line 353
1507871637621	geckodriver	INFO	geckodriver 0.19.0
1507871637631	geckodriver	INFO	Listening on 127.0.0.1:35095
1507871639143	mozrunner::runner	INFO	Running command: "/usr/bin/firefox" "-marionette" "-profile" "/tmp/rust_mozprofile.0mikxcJQhASc"
1507871639698	addons.xpi	WARN	Error parsing extensions state: [Exception... "Component returned failure code: 0x80520012 (NS_ERROR_FILE_NOT_FOUND) [amIAddonManagerStartup.readStartupData]"  nsresult: "0x80520012 (NS_ERROR_FILE_NOT_FOUND)"  location: "JS frame :: resource://gre/modules/addons/XPIProvider.jsm :: loadExtensionState :: line 1554"  data: no] Stack trace: loadExtensionState()@resource://gre/modules/addons/XPIProvider.jsm:1554 < getInstallState()@resource://gre/modules/addons/XPIProvider.jsm:1589 < checkForChanges()@resource://gre/modules/addons/XPIProvider.jsm:3109 < startup()@resource://gre/modules/addons/XPIProvider.jsm:2188 < callProvider()@resource://gre/modules/AddonManager.jsm:269 < _startProvider()@resource://gre/modules/AddonManager.jsm:739 < startup()@resource://gre/modules/AddonManager.jsm:906 < startup()@resource://gre/modules/AddonManager.jsm:3090 < observe()@jar:file:///opt/firefox/omni.ja!/components/addonManager.js:65
1507871640556	Marionette	INFO	Enabled via --marionette
1507871643874	Marionette	INFO	Listening on port 40085
1507871643935	Marionette	WARN	TLS certificate errors will be ignored for this session
1507871644059	Marionette	DEBUG	Register listener.js for window 2147483649
1507871644185	Marionette	DEBUG	Received DOM event "beforeunload" for "about:blank"
1507871644261	Marionette	DEBUG	Received DOM event "pagehide" for "about:blank"
1507871644262	Marionette	DEBUG	Received DOM event "unload" for "about:blank"
1507871644308	Marionette	DEBUG	Received DOM event "DOMContentLoaded" for "http://localhost:8000/"
1507871644316	Marionette	DEBUG	Received DOM event "pageshow" for "http://localhost:8000/"
1507871646166	Marionette	INFO	New connections will no longer be accepted
[Child 19538] WARNING: pipe error (17): Connection reset by peer: file /home/worker/workspace/build/src/ipc/chromium/src/chrome/common/ipc_channel_posix.cc, line 353
[GFX1-]: Receive IPC close with reason=AbnormalShutdown
[Child 19538] WARNING: pipe error (3): Connection reset by peer: file /home/worker/workspace/build/src/ipc/chromium/src/chrome/common/ipc_channel_posix.cc, line 353
